<?xml version="1.0" encoding="UTF-8"?>
<!-- Generated by org.testng.reporters.JUnitXMLReporter -->
<testsuite hostname="Meet" name="Test" tests="4" failures="0" timestamp="5 Jul 2018 10:19:29 GMT" time="42.629" errors="0">
  <testcase name="hometest" time="0.709" classname="com.test.testcase.HomeSignUpTestcase"/>
  <testcase name="planselect" time="0.76" classname="com.test.testcase.PlanSelectTestcase"/>
  <testcase name="loginWithInvalid1" time="12.131" classname="com.test.testcase.SignUpTestcase"/>
  <testcase name="loginWithInvalid12" time="7.116" classname="com.test.testcase.SignUpTestcase"/>
</testsuite> <!-- Test -->
