<?xml version="1.0" encoding="UTF-8"?>
<testsuite xmlns:xsi="http://www.w3.org/2001/XMLSchema-instance" xsi:noNamespaceSchemaLocation="https://maven.apache.org/surefire/maven-surefire-plugin/xsd/surefire-test-report.xsd" name="TestSuite" time="193.907" tests="10" errors="0" skipped="0" failures="5">
  <properties>
[...]
</properties>
  <testcase name="clickonforgotpassword" classname="com.test.testcase.HomeTestcase" time="0.276"/>
  <testcase name="clickonforgotpassword" classname="com.test.testcase.HomeTestcase" time="0.06"/>
  <testcase name="mailidblank" classname="com.test.testcase.ForgotPasswordTestcase" time="0.024"/>
  <testcase name="mailidblank" classname="com.test.testcase.ForgotPasswordTestcase" time="9.396">
    <failure message="The element reference of &lt;div&gt; stale: either the element is no longer attached to the DOM or the page has been refreshed&#10;For documentation on this error, please visit: http://seleniumhq.org/exceptions/stale_element_reference.html&#10;Build info: version: &apos;3.8.1&apos;, revision: &apos;6e95a6684b&apos;, time: &apos;2017-12-01T18:33:54.468Z&apos;&#10;System info: host: &apos;MEET&apos;, ip: &apos;192.168.0.108&apos;, os.name: &apos;Windows 8.1&apos;, os.arch: &apos;amd64&apos;, os.version: &apos;6.3&apos;, java.version: &apos;1.8.0_60&apos;&#10;Driver info: org.openqa.selenium.firefox.FirefoxDriver&#10;Capabilities {acceptInsecureCerts: true, browserName: firefox, browserVersion: 56.0, javascriptEnabled: true, moz:accessibilityChecks: false, moz:headless: false, moz:processID: 4104, moz:profile: C:\Users\Hiren Gajera\AppDa..., pageLoadStrategy: normal, platform: XP, platformName: XP, platformVersion: 6.3, rotatable: false, specificationLevel: 0, timeouts: {implicit: 0, pageLoad: 300000, script: 30000}}&#10;Session ID: ebe6883c-259e-423e-b25f-712b6ee27e89" type="org.openqa.selenium.StaleElementReferenceException"><![CDATA[org.openqa.selenium.StaleElementReferenceException: 
The element reference of <div> stale: either the element is no longer attached to the DOM or the page has been refreshed
For documentation on this error, please visit: http://seleniumhq.org/exceptions/stale_element_reference.html
Build info: version: '3.8.1', revision: '6e95a6684b', time: '2017-12-01T18:33:54.468Z'
System info: host: 'MEET', ip: '192.168.0.108', os.name: 'Windows 8.1', os.arch: 'amd64', os.version: '6.3', java.version: '1.8.0_60'
Driver info: org.openqa.selenium.firefox.FirefoxDriver
Capabilities {acceptInsecureCerts: true, browserName: firefox, browserVersion: 56.0, javascriptEnabled: true, moz:accessibilityChecks: false, moz:headless: false, moz:processID: 4104, moz:profile: C:\Users\Hiren Gajera\AppDa..., pageLoadStrategy: normal, platform: XP, platformName: XP, platformVersion: 6.3, rotatable: false, specificationLevel: 0, timeouts: {implicit: 0, pageLoad: 300000, script: 30000}}
Session ID: ebe6883c-259e-423e-b25f-712b6ee27e89
	at com.test.testcase.ForgotPasswordTestcase.mailidblank(ForgotPasswordTestcase.java:18)
]]></failure>
    <system-out><![CDATA[DEBUG   15364   [freemark] (): Couldn't find template in cache for "index.ftl"("en", UTF-8, parsed); will try to load it.
DEBUG   15364   [freemark] (): TemplateLoader.findTemplateSource("index_en.ftl"): Not found
DEBUG   15364   [freemark] (): TemplateLoader.findTemplateSource("index.ftl"): Found
DEBUG   15364   [freemark] (): Loading template for "index.ftl"("en", UTF-8, parsed) from "jar:file:/C:/Users/Hiren%20Gajera/.m2/repository/com/aventstack/extentreports/3.1.5/extentreports-3.1.5.jar!/com/aventstack/extentreports/view/html-report/index.ftl"
DEBUG   15364   [freemark] (): Couldn't find template in cache for "head.ftl"("en", UTF-8, parsed); will try to load it.
DEBUG   15364   [freemark] (): TemplateLoader.findTemplateSource("head_en.ftl"): Not found
DEBUG   15364   [freemark] (): TemplateLoader.findTemplateSource("head.ftl"): Found
DEBUG   15364   [freemark] (): Loading template for "head.ftl"("en", UTF-8, parsed) from "jar:file:/C:/Users/Hiren%20Gajera/.m2/repository/com/aventstack/extentreports/3.1.5/extentreports-3.1.5.jar!/com/aventstack/extentreports/view/html-report/head.ftl"
DEBUG   15364   [freemark] (): Couldn't find template in cache for "nav.ftl"("en", UTF-8, parsed); will try to load it.
DEBUG   15364   [freemark] (): TemplateLoader.findTemplateSource("nav_en.ftl"): Not found
DEBUG   15364   [freemark] (): TemplateLoader.findTemplateSource("nav.ftl"): Found
DEBUG   15364   [freemark] (): Loading template for "nav.ftl"("en", UTF-8, parsed) from "jar:file:/C:/Users/Hiren%20Gajera/.m2/repository/com/aventstack/extentreports/3.1.5/extentreports-3.1.5.jar!/com/aventstack/extentreports/view/html-report/nav.ftl"
DEBUG   15364   [freemark] (): Couldn't find template in cache for "test-view/test-view.ftl"("en", UTF-8, parsed); will try to load it.
DEBUG   15364   [freemark] (): TemplateLoader.findTemplateSource("test-view/test-view_en.ftl"): Not found
DEBUG   15364   [freemark] (): TemplateLoader.findTemplateSource("test-view/test-view.ftl"): Found
DEBUG   15364   [freemark] (): Loading template for "test-view/test-view.ftl"("en", UTF-8, parsed) from "jar:file:/C:/Users/Hiren%20Gajera/.m2/repository/com/aventstack/extentreports/3.1.5/extentreports-3.1.5.jar!/com/aventstack/extentreports/view/html-report/test-view/test-view.ftl"
DEBUG   15364   [freemark] (): Couldn't find template in cache for "test-view/test-view-charts.ftl"("en", UTF-8, parsed); will try to load it.
DEBUG   15364   [freemark] (): TemplateLoader.findTemplateSource("test-view/test-view-charts_en.ftl"): Not found
DEBUG   15364   [freemark] (): TemplateLoader.findTemplateSource("test-view/test-view-charts.ftl"): Found
DEBUG   15364   [freemark] (): Loading template for "test-view/test-view-charts.ftl"("en", UTF-8, parsed) from "jar:file:/C:/Users/Hiren%20Gajera/.m2/repository/com/aventstack/extentreports/3.1.5/extentreports-3.1.5.jar!/com/aventstack/extentreports/view/html-report/test-view/test-view-charts.ftl"
DEBUG   15364   [freemark] (): Couldn't find template in cache for "test-view/standard.ftl"("en", UTF-8, parsed); will try to load it.
DEBUG   15364   [freemark] (): TemplateLoader.findTemplateSource("test-view/standard_en.ftl"): Not found
DEBUG   15364   [freemark] (): TemplateLoader.findTemplateSource("test-view/standard.ftl"): Found
DEBUG   15364   [freemark] (): Loading template for "test-view/standard.ftl"("en", UTF-8, parsed) from "jar:file:/C:/Users/Hiren%20Gajera/.m2/repository/com/aventstack/extentreports/3.1.5/extentreports-3.1.5.jar!/com/aventstack/extentreports/view/html-report/test-view/standard.ftl"
DEBUG   15364   [freemark] (): "test-view/standard.ftl"("en", UTF-8, parsed) cached copy not yet stale; using cached.
DEBUG   15364   [freemark] (): Couldn't find template in cache for "category-view/category-view.ftl"("en", UTF-8, parsed); will try to load it.
DEBUG   15364   [freemark] (): TemplateLoader.findTemplateSource("category-view/category-view_en.ftl"): Not found
DEBUG   15364   [freemark] (): TemplateLoader.findTemplateSource("category-view/category-view.ftl"): Found
DEBUG   15364   [freemark] (): Loading template for "category-view/category-view.ftl"("en", UTF-8, parsed) from "jar:file:/C:/Users/Hiren%20Gajera/.m2/repository/com/aventstack/extentreports/3.1.5/extentreports-3.1.5.jar!/com/aventstack/extentreports/view/html-report/category-view/category-view.ftl"
DEBUG   15364   [freemark] (): Couldn't find template in cache for "author-view/author-view.ftl"("en", UTF-8, parsed); will try to load it.
DEBUG   15364   [freemark] (): TemplateLoader.findTemplateSource("author-view/author-view_en.ftl"): Not found
DEBUG   15364   [freemark] (): TemplateLoader.findTemplateSource("author-view/author-view.ftl"): Found
DEBUG   15364   [freemark] (): Loading template for "author-view/author-view.ftl"("en", UTF-8, parsed) from "jar:file:/C:/Users/Hiren%20Gajera/.m2/repository/com/aventstack/extentreports/3.1.5/extentreports-3.1.5.jar!/com/aventstack/extentreports/view/html-report/author-view/author-view.ftl"
DEBUG   15364   [freemark] (): Couldn't find template in cache for "exception-view/exception-view.ftl"("en", UTF-8, parsed); will try to load it.
DEBUG   15364   [freemark] (): TemplateLoader.findTemplateSource("exception-view/exception-view_en.ftl"): Not found
DEBUG   15364   [freemark] (): TemplateLoader.findTemplateSource("exception-view/exception-view.ftl"): Found
DEBUG   15364   [freemark] (): Loading template for "exception-view/exception-view.ftl"("en", UTF-8, parsed) from "jar:file:/C:/Users/Hiren%20Gajera/.m2/repository/com/aventstack/extentreports/3.1.5/extentreports-3.1.5.jar!/com/aventstack/extentreports/view/html-report/exception-view/exception-view.ftl"
DEBUG   15364   [freemark] (): Couldn't find template in cache for "dashboard-view/dashboard-view.ftl"("en", UTF-8, parsed); will try to load it.
DEBUG   15364   [freemark] (): TemplateLoader.findTemplateSource("dashboard-view/dashboard-view_en.ftl"): Not found
DEBUG   15364   [freemark] (): TemplateLoader.findTemplateSource("dashboard-view/dashboard-view.ftl"): Found
DEBUG   15364   [freemark] (): Loading template for "dashboard-view/dashboard-view.ftl"("en", UTF-8, parsed) from "jar:file:/C:/Users/Hiren%20Gajera/.m2/repository/com/aventstack/extentreports/3.1.5/extentreports-3.1.5.jar!/com/aventstack/extentreports/view/html-report/dashboard-view/dashboard-view.ftl"
DEBUG   15364   [freemark] (): Couldn't find template in cache for "logs-view/testrunner-logs-view.ftl"("en", UTF-8, parsed); will try to load it.
DEBUG   15364   [freemark] (): TemplateLoader.findTemplateSource("logs-view/testrunner-logs-view_en.ftl"): Not found
DEBUG   15364   [freemark] (): TemplateLoader.findTemplateSource("logs-view/testrunner-logs-view.ftl"): Found
DEBUG   15364   [freemark] (): Loading template for "logs-view/testrunner-logs-view.ftl"("en", UTF-8, parsed) from "jar:file:/C:/Users/Hiren%20Gajera/.m2/repository/com/aventstack/extentreports/3.1.5/extentreports-3.1.5.jar!/com/aventstack/extentreports/view/html-report/logs-view/testrunner-logs-view.ftl"
]]></system-out>
    <system-err><![CDATA[1536405391863	Marionette	DEBUG	Canceled page load listener because no navigation has been detected
1536405391905	Marionette	DEBUG	Received DOM event "beforeunload" for "https://sitewon-portal-development.azurewebsites.net/customer/forgotpassword"
1536405394131	Marionette	DEBUG	Received DOM event "pagehide" for "https://sitewon-portal-development.azurewebsites.net/customer/forgotpassword"
1536405394153	Marionette	DEBUG	Received DOM event "unload" for "https://sitewon-portal-development.azurewebsites.net/customer/forgotpassword"
1536405394183	Marionette	DEBUG	Received DOM event "DOMContentLoaded" for "https://sitewon-portal-development.azurewebsites.net/customer/forgotpassword"
JavaScript error: https://sitewon-portal-development.azurewebsites.net/customer/polyfills.d8613740e011537eff2e.bundle.js, line 1: ReferenceError: webpackJsonp is not defined
JavaScript error: https://sitewon-portal-development.azurewebsites.net/customer/main.3ebb501d2ea4b8b9158e.bundle.js, line 1: Error: In this configuration Angular requires Zone.js
1536405401139	Marionette	DEBUG	Received DOM event "pageshow" for "https://sitewon-portal-development.azurewebsites.net/customer/forgotpassword"
Sep 08, 2018 4:46:41 PM org.openqa.selenium.remote.ErrorCodes toStatus
INFO: HTTP Status: '400' -> incorrect JSON status mapping for 'stale element reference' (404 expected)
]]></system-err>
  </testcase>
  <testcase name="invalidmailadress" classname="com.test.testcase.ForgotPasswordTestcase" time="29.329">
    <failure message="Unable to locate element: //*[@tabindex=&apos;1&apos;]&#10;For documentation on this error, please visit: http://seleniumhq.org/exceptions/no_such_element.html&#10;Build info: version: &apos;3.8.1&apos;, revision: &apos;6e95a6684b&apos;, time: &apos;2017-12-01T18:33:54.468Z&apos;&#10;System info: host: &apos;MEET&apos;, ip: &apos;192.168.0.108&apos;, os.name: &apos;Windows 8.1&apos;, os.arch: &apos;amd64&apos;, os.version: &apos;6.3&apos;, java.version: &apos;1.8.0_60&apos;&#10;Driver info: org.openqa.selenium.firefox.FirefoxDriver&#10;Capabilities {acceptInsecureCerts: true, browserName: firefox, browserVersion: 56.0, javascriptEnabled: true, moz:accessibilityChecks: false, moz:headless: false, moz:processID: 4104, moz:profile: C:\Users\Hiren Gajera\AppDa..., pageLoadStrategy: normal, platform: XP, platformName: XP, platformVersion: 6.3, rotatable: false, specificationLevel: 0, timeouts: {implicit: 0, pageLoad: 300000, script: 30000}}&#10;Session ID: ebe6883c-259e-423e-b25f-712b6ee27e89&#10;*** Element info: {Using=xpath, value=//*[@tabindex=&apos;1&apos;]}" type="org.openqa.selenium.NoSuchElementException">org.openqa.selenium.NoSuchElementException: 
Unable to locate element: //*[@tabindex='1']
For documentation on this error, please visit: http://seleniumhq.org/exceptions/no_such_element.html
Build info: version: '3.8.1', revision: '6e95a6684b', time: '2017-12-01T18:33:54.468Z'
System info: host: 'MEET', ip: '192.168.0.108', os.name: 'Windows 8.1', os.arch: 'amd64', os.version: '6.3', java.version: '1.8.0_60'
Driver info: org.openqa.selenium.firefox.FirefoxDriver
Capabilities {acceptInsecureCerts: true, browserName: firefox, browserVersion: 56.0, javascriptEnabled: true, moz:accessibilityChecks: false, moz:headless: false, moz:processID: 4104, moz:profile: C:\Users\Hiren Gajera\AppDa..., pageLoadStrategy: normal, platform: XP, platformName: XP, platformVersion: 6.3, rotatable: false, specificationLevel: 0, timeouts: {implicit: 0, pageLoad: 300000, script: 30000}}
Session ID: ebe6883c-259e-423e-b25f-712b6ee27e89
*** Element info: {Using=xpath, value=//*[@tabindex='1']}
	at com.test.testcase.ForgotPasswordTestcase.invalidmailadress(ForgotPasswordTestcase.java:26)
</failure>
  </testcase>
  <testcase name="invalidmailadress" classname="com.test.testcase.ForgotPasswordTestcase" time="61.007">
    <failure message="Unable to locate element: //*[contains(text(),&apos;Invalid&apos;)]&#10;For documentation on this error, please visit: http://seleniumhq.org/exceptions/no_such_element.html&#10;Build info: version: &apos;3.8.1&apos;, revision: &apos;6e95a6684b&apos;, time: &apos;2017-12-01T18:33:54.468Z&apos;&#10;System info: host: &apos;MEET&apos;, ip: &apos;192.168.0.108&apos;, os.name: &apos;Windows 8.1&apos;, os.arch: &apos;amd64&apos;, os.version: &apos;6.3&apos;, java.version: &apos;1.8.0_60&apos;&#10;Driver info: org.openqa.selenium.firefox.FirefoxDriver&#10;Capabilities {acceptInsecureCerts: true, browserName: firefox, browserVersion: 56.0, javascriptEnabled: true, moz:accessibilityChecks: false, moz:headless: false, moz:processID: 4104, moz:profile: C:\Users\Hiren Gajera\AppDa..., pageLoadStrategy: normal, platform: XP, platformName: XP, platformVersion: 6.3, rotatable: false, specificationLevel: 0, timeouts: {implicit: 0, pageLoad: 300000, script: 30000}}&#10;Session ID: ebe6883c-259e-423e-b25f-712b6ee27e89&#10;*** Element info: {Using=xpath, value=//*[contains(text(),&apos;Invalid&apos;)]}" type="org.openqa.selenium.NoSuchElementException">org.openqa.selenium.NoSuchElementException: 
Unable to locate element: //*[contains(text(),'Invalid')]
For documentation on this error, please visit: http://seleniumhq.org/exceptions/no_such_element.html
Build info: version: '3.8.1', revision: '6e95a6684b', time: '2017-12-01T18:33:54.468Z'
System info: host: 'MEET', ip: '192.168.0.108', os.name: 'Windows 8.1', os.arch: 'amd64', os.version: '6.3', java.version: '1.8.0_60'
Driver info: org.openqa.selenium.firefox.FirefoxDriver
Capabilities {acceptInsecureCerts: true, browserName: firefox, browserVersion: 56.0, javascriptEnabled: true, moz:accessibilityChecks: false, moz:headless: false, moz:processID: 4104, moz:profile: C:\Users\Hiren Gajera\AppDa..., pageLoadStrategy: normal, platform: XP, platformName: XP, platformVersion: 6.3, rotatable: false, specificationLevel: 0, timeouts: {implicit: 0, pageLoad: 300000, script: 30000}}
Session ID: ebe6883c-259e-423e-b25f-712b6ee27e89
*** Element info: {Using=xpath, value=//*[contains(text(),'Invalid')]}
	at com.test.testcase.ForgotPasswordTestcase.invalidmailadress(ForgotPasswordTestcase.java:32)
</failure>
    <system-out><![CDATA[DEBUG   15364   [freemark] (): Couldn't find template in cache for "index.ftl"("en", UTF-8, parsed); will try to load it.
DEBUG   15364   [freemark] (): TemplateLoader.findTemplateSource("index_en.ftl"): Not found
DEBUG   15364   [freemark] (): TemplateLoader.findTemplateSource("index.ftl"): Found
DEBUG   15364   [freemark] (): Loading template for "index.ftl"("en", UTF-8, parsed) from "jar:file:/C:/Users/Hiren%20Gajera/.m2/repository/com/aventstack/extentreports/3.1.5/extentreports-3.1.5.jar!/com/aventstack/extentreports/view/html-report/index.ftl"
DEBUG   15364   [freemark] (): Couldn't find template in cache for "head.ftl"("en", UTF-8, parsed); will try to load it.
DEBUG   15364   [freemark] (): TemplateLoader.findTemplateSource("head_en.ftl"): Not found
DEBUG   15364   [freemark] (): TemplateLoader.findTemplateSource("head.ftl"): Found
DEBUG   15364   [freemark] (): Loading template for "head.ftl"("en", UTF-8, parsed) from "jar:file:/C:/Users/Hiren%20Gajera/.m2/repository/com/aventstack/extentreports/3.1.5/extentreports-3.1.5.jar!/com/aventstack/extentreports/view/html-report/head.ftl"
DEBUG   15364   [freemark] (): Couldn't find template in cache for "nav.ftl"("en", UTF-8, parsed); will try to load it.
DEBUG   15364   [freemark] (): TemplateLoader.findTemplateSource("nav_en.ftl"): Not found
DEBUG   15364   [freemark] (): TemplateLoader.findTemplateSource("nav.ftl"): Found
DEBUG   15364   [freemark] (): Loading template for "nav.ftl"("en", UTF-8, parsed) from "jar:file:/C:/Users/Hiren%20Gajera/.m2/repository/com/aventstack/extentreports/3.1.5/extentreports-3.1.5.jar!/com/aventstack/extentreports/view/html-report/nav.ftl"
DEBUG   15364   [freemark] (): Couldn't find template in cache for "test-view/test-view.ftl"("en", UTF-8, parsed); will try to load it.
DEBUG   15364   [freemark] (): TemplateLoader.findTemplateSource("test-view/test-view_en.ftl"): Not found
DEBUG   15364   [freemark] (): TemplateLoader.findTemplateSource("test-view/test-view.ftl"): Found
DEBUG   15364   [freemark] (): Loading template for "test-view/test-view.ftl"("en", UTF-8, parsed) from "jar:file:/C:/Users/Hiren%20Gajera/.m2/repository/com/aventstack/extentreports/3.1.5/extentreports-3.1.5.jar!/com/aventstack/extentreports/view/html-report/test-view/test-view.ftl"
DEBUG   15364   [freemark] (): Couldn't find template in cache for "test-view/test-view-charts.ftl"("en", UTF-8, parsed); will try to load it.
DEBUG   15364   [freemark] (): TemplateLoader.findTemplateSource("test-view/test-view-charts_en.ftl"): Not found
DEBUG   15364   [freemark] (): TemplateLoader.findTemplateSource("test-view/test-view-charts.ftl"): Found
DEBUG   15364   [freemark] (): Loading template for "test-view/test-view-charts.ftl"("en", UTF-8, parsed) from "jar:file:/C:/Users/Hiren%20Gajera/.m2/repository/com/aventstack/extentreports/3.1.5/extentreports-3.1.5.jar!/com/aventstack/extentreports/view/html-report/test-view/test-view-charts.ftl"
DEBUG   15364   [freemark] (): Couldn't find template in cache for "test-view/standard.ftl"("en", UTF-8, parsed); will try to load it.
DEBUG   15364   [freemark] (): TemplateLoader.findTemplateSource("test-view/standard_en.ftl"): Not found
DEBUG   15364   [freemark] (): TemplateLoader.findTemplateSource("test-view/standard.ftl"): Found
DEBUG   15364   [freemark] (): Loading template for "test-view/standard.ftl"("en", UTF-8, parsed) from "jar:file:/C:/Users/Hiren%20Gajera/.m2/repository/com/aventstack/extentreports/3.1.5/extentreports-3.1.5.jar!/com/aventstack/extentreports/view/html-report/test-view/standard.ftl"
DEBUG   15364   [freemark] (): "test-view/standard.ftl"("en", UTF-8, parsed) cached copy not yet stale; using cached.
DEBUG   15364   [freemark] (): Couldn't find template in cache for "category-view/category-view.ftl"("en", UTF-8, parsed); will try to load it.
DEBUG   15364   [freemark] (): TemplateLoader.findTemplateSource("category-view/category-view_en.ftl"): Not found
DEBUG   15364   [freemark] (): TemplateLoader.findTemplateSource("category-view/category-view.ftl"): Found
DEBUG   15364   [freemark] (): Loading template for "category-view/category-view.ftl"("en", UTF-8, parsed) from "jar:file:/C:/Users/Hiren%20Gajera/.m2/repository/com/aventstack/extentreports/3.1.5/extentreports-3.1.5.jar!/com/aventstack/extentreports/view/html-report/category-view/category-view.ftl"
DEBUG   15364   [freemark] (): Couldn't find template in cache for "author-view/author-view.ftl"("en", UTF-8, parsed); will try to load it.
DEBUG   15364   [freemark] (): TemplateLoader.findTemplateSource("author-view/author-view_en.ftl"): Not found
DEBUG   15364   [freemark] (): TemplateLoader.findTemplateSource("author-view/author-view.ftl"): Found
DEBUG   15364   [freemark] (): Loading template for "author-view/author-view.ftl"("en", UTF-8, parsed) from "jar:file:/C:/Users/Hiren%20Gajera/.m2/repository/com/aventstack/extentreports/3.1.5/extentreports-3.1.5.jar!/com/aventstack/extentreports/view/html-report/author-view/author-view.ftl"
DEBUG   15364   [freemark] (): Couldn't find template in cache for "exception-view/exception-view.ftl"("en", UTF-8, parsed); will try to load it.
DEBUG   15364   [freemark] (): TemplateLoader.findTemplateSource("exception-view/exception-view_en.ftl"): Not found
DEBUG   15364   [freemark] (): TemplateLoader.findTemplateSource("exception-view/exception-view.ftl"): Found
DEBUG   15364   [freemark] (): Loading template for "exception-view/exception-view.ftl"("en", UTF-8, parsed) from "jar:file:/C:/Users/Hiren%20Gajera/.m2/repository/com/aventstack/extentreports/3.1.5/extentreports-3.1.5.jar!/com/aventstack/extentreports/view/html-report/exception-view/exception-view.ftl"
DEBUG   15364   [freemark] (): Couldn't find template in cache for "dashboard-view/dashboard-view.ftl"("en", UTF-8, parsed); will try to load it.
DEBUG   15364   [freemark] (): TemplateLoader.findTemplateSource("dashboard-view/dashboard-view_en.ftl"): Not found
DEBUG   15364   [freemark] (): TemplateLoader.findTemplateSource("dashboard-view/dashboard-view.ftl"): Found
DEBUG   15364   [freemark] (): Loading template for "dashboard-view/dashboard-view.ftl"("en", UTF-8, parsed) from "jar:file:/C:/Users/Hiren%20Gajera/.m2/repository/com/aventstack/extentreports/3.1.5/extentreports-3.1.5.jar!/com/aventstack/extentreports/view/html-report/dashboard-view/dashboard-view.ftl"
DEBUG   15364   [freemark] (): Couldn't find template in cache for "logs-view/testrunner-logs-view.ftl"("en", UTF-8, parsed); will try to load it.
DEBUG   15364   [freemark] (): TemplateLoader.findTemplateSource("logs-view/testrunner-logs-view_en.ftl"): Not found
DEBUG   15364   [freemark] (): TemplateLoader.findTemplateSource("logs-view/testrunner-logs-view.ftl"): Found
DEBUG   15364   [freemark] (): Loading template for "logs-view/testrunner-logs-view.ftl"("en", UTF-8, parsed) from "jar:file:/C:/Users/Hiren%20Gajera/.m2/repository/com/aventstack/extentreports/3.1.5/extentreports-3.1.5.jar!/com/aventstack/extentreports/view/html-report/logs-view/testrunner-logs-view.ftl"
DEBUG   15364   [freemark] (): Couldn't find template in cache for "index.ftl"("en", UTF-8, parsed); will try to load it.
DEBUG   15364   [freemark] (): TemplateLoader.findTemplateSource("index_en.ftl"): Not found
DEBUG   15364   [freemark] (): TemplateLoader.findTemplateSource("index.ftl"): Found
DEBUG   15364   [freemark] (): Loading template for "index.ftl"("en", UTF-8, parsed) from "jar:file:/C:/Users/Hiren%20Gajera/.m2/repository/com/aventstack/extentreports/3.1.5/extentreports-3.1.5.jar!/com/aventstack/extentreports/view/html-report/index.ftl"
DEBUG   15364   [freemark] (): Couldn't find template in cache for "head.ftl"("en", UTF-8, parsed); will try to load it.
DEBUG   15364   [freemark] (): TemplateLoader.findTemplateSource("head_en.ftl"): Not found
DEBUG   15364   [freemark] (): TemplateLoader.findTemplateSource("head.ftl"): Found
DEBUG   15364   [freemark] (): Loading template for "head.ftl"("en", UTF-8, parsed) from "jar:file:/C:/Users/Hiren%20Gajera/.m2/repository/com/aventstack/extentreports/3.1.5/extentreports-3.1.5.jar!/com/aventstack/extentreports/view/html-report/head.ftl"
DEBUG   15364   [freemark] (): Couldn't find template in cache for "nav.ftl"("en", UTF-8, parsed); will try to load it.
DEBUG   15364   [freemark] (): TemplateLoader.findTemplateSource("nav_en.ftl"): Not found
DEBUG   15364   [freemark] (): TemplateLoader.findTemplateSource("nav.ftl"): Found
DEBUG   15364   [freemark] (): Loading template for "nav.ftl"("en", UTF-8, parsed) from "jar:file:/C:/Users/Hiren%20Gajera/.m2/repository/com/aventstack/extentreports/3.1.5/extentreports-3.1.5.jar!/com/aventstack/extentreports/view/html-report/nav.ftl"
DEBUG   15364   [freemark] (): Couldn't find template in cache for "test-view/test-view.ftl"("en", UTF-8, parsed); will try to load it.
DEBUG   15364   [freemark] (): TemplateLoader.findTemplateSource("test-view/test-view_en.ftl"): Not found
DEBUG   15364   [freemark] (): TemplateLoader.findTemplateSource("test-view/test-view.ftl"): Found
DEBUG   15364   [freemark] (): Loading template for "test-view/test-view.ftl"("en", UTF-8, parsed) from "jar:file:/C:/Users/Hiren%20Gajera/.m2/repository/com/aventstack/extentreports/3.1.5/extentreports-3.1.5.jar!/com/aventstack/extentreports/view/html-report/test-view/test-view.ftl"
DEBUG   15364   [freemark] (): Couldn't find template in cache for "test-view/test-view-charts.ftl"("en", UTF-8, parsed); will try to load it.
DEBUG   15364   [freemark] (): TemplateLoader.findTemplateSource("test-view/test-view-charts_en.ftl"): Not found
DEBUG   15364   [freemark] (): TemplateLoader.findTemplateSource("test-view/test-view-charts.ftl"): Found
DEBUG   15364   [freemark] (): Loading template for "test-view/test-view-charts.ftl"("en", UTF-8, parsed) from "jar:file:/C:/Users/Hiren%20Gajera/.m2/repository/com/aventstack/extentreports/3.1.5/extentreports-3.1.5.jar!/com/aventstack/extentreports/view/html-report/test-view/test-view-charts.ftl"
DEBUG   15364   [freemark] (): Couldn't find template in cache for "test-view/standard.ftl"("en", UTF-8, parsed); will try to load it.
DEBUG   15364   [freemark] (): TemplateLoader.findTemplateSource("test-view/standard_en.ftl"): Not found
DEBUG   15364   [freemark] (): TemplateLoader.findTemplateSource("test-view/standard.ftl"): Found
DEBUG   15364   [freemark] (): Loading template for "test-view/standard.ftl"("en", UTF-8, parsed) from "jar:file:/C:/Users/Hiren%20Gajera/.m2/repository/com/aventstack/extentreports/3.1.5/extentreports-3.1.5.jar!/com/aventstack/extentreports/view/html-report/test-view/standard.ftl"
DEBUG   15364   [freemark] (): "test-view/standard.ftl"("en", UTF-8, parsed) cached copy not yet stale; using cached.
DEBUG   15364   [freemark] (): Couldn't find template in cache for "category-view/category-view.ftl"("en", UTF-8, parsed); will try to load it.
DEBUG   15364   [freemark] (): TemplateLoader.findTemplateSource("category-view/category-view_en.ftl"): Not found
DEBUG   15364   [freemark] (): TemplateLoader.findTemplateSource("category-view/category-view.ftl"): Found
DEBUG   15364   [freemark] (): Loading template for "category-view/category-view.ftl"("en", UTF-8, parsed) from "jar:file:/C:/Users/Hiren%20Gajera/.m2/repository/com/aventstack/extentreports/3.1.5/extentreports-3.1.5.jar!/com/aventstack/extentreports/view/html-report/category-view/category-view.ftl"
DEBUG   15364   [freemark] (): Couldn't find template in cache for "author-view/author-view.ftl"("en", UTF-8, parsed); will try to load it.
DEBUG   15364   [freemark] (): TemplateLoader.findTemplateSource("author-view/author-view_en.ftl"): Not found
DEBUG   15364   [freemark] (): TemplateLoader.findTemplateSource("author-view/author-view.ftl"): Found
DEBUG   15364   [freemark] (): Loading template for "author-view/author-view.ftl"("en", UTF-8, parsed) from "jar:file:/C:/Users/Hiren%20Gajera/.m2/repository/com/aventstack/extentreports/3.1.5/extentreports-3.1.5.jar!/com/aventstack/extentreports/view/html-report/author-view/author-view.ftl"
DEBUG   15364   [freemark] (): Couldn't find template in cache for "exception-view/exception-view.ftl"("en", UTF-8, parsed); will try to load it.
DEBUG   15364   [freemark] (): TemplateLoader.findTemplateSource("exception-view/exception-view_en.ftl"): Not found
DEBUG   15364   [freemark] (): TemplateLoader.findTemplateSource("exception-view/exception-view.ftl"): Found
DEBUG   15364   [freemark] (): Loading template for "exception-view/exception-view.ftl"("en", UTF-8, parsed) from "jar:file:/C:/Users/Hiren%20Gajera/.m2/repository/com/aventstack/extentreports/3.1.5/extentreports-3.1.5.jar!/com/aventstack/extentreports/view/html-report/exception-view/exception-view.ftl"
DEBUG   15364   [freemark] (): Couldn't find template in cache for "dashboard-view/dashboard-view.ftl"("en", UTF-8, parsed); will try to load it.
DEBUG   15364   [freemark] (): TemplateLoader.findTemplateSource("dashboard-view/dashboard-view_en.ftl"): Not found
DEBUG   15364   [freemark] (): TemplateLoader.findTemplateSource("dashboard-view/dashboard-view.ftl"): Found
DEBUG   15364   [freemark] (): Loading template for "dashboard-view/dashboard-view.ftl"("en", UTF-8, parsed) from "jar:file:/C:/Users/Hiren%20Gajera/.m2/repository/com/aventstack/extentreports/3.1.5/extentreports-3.1.5.jar!/com/aventstack/extentreports/view/html-report/dashboard-view/dashboard-view.ftl"
DEBUG   15364   [freemark] (): Couldn't find template in cache for "logs-view/testrunner-logs-view.ftl"("en", UTF-8, parsed); will try to load it.
DEBUG   15364   [freemark] (): TemplateLoader.findTemplateSource("logs-view/testrunner-logs-view_en.ftl"): Not found
DEBUG   15364   [freemark] (): TemplateLoader.findTemplateSource("logs-view/testrunner-logs-view.ftl"): Found
DEBUG   15364   [freemark] (): Loading template for "logs-view/testrunner-logs-view.ftl"("en", UTF-8, parsed) from "jar:file:/C:/Users/Hiren%20Gajera/.m2/repository/com/aventstack/extentreports/3.1.5/extentreports-3.1.5.jar!/com/aventstack/extentreports/view/html-report/logs-view/testrunner-logs-view.ftl"
]]></system-out>
    <system-err><![CDATA[1536405421874	Marionette	DEBUG	Received DOM event "beforeunload" for "https://sitewon-portal-development.azurewebsites.net/customer/forgotpassword"
1536405424857	Marionette	DEBUG	Received DOM event "pagehide" for "https://sitewon-portal-development.azurewebsites.net/customer/forgotpassword"
1536405424859	Marionette	DEBUG	Received DOM event "unload" for "https://sitewon-portal-development.azurewebsites.net/customer/forgotpassword"
1536405424888	Marionette	DEBUG	Received DOM event "DOMContentLoaded" for "https://sitewon-portal-development.azurewebsites.net/customer/forgotpassword"
1536405442573	Marionette	DEBUG	Received DOM event "pageshow" for "https://sitewon-portal-development.azurewebsites.net/customer/forgotpassword"
1536405442615	Marionette	DEBUG	Received DOM event "beforeunload" for "https://sitewon-portal-development.azurewebsites.net/customer/forgotpassword"
1536405444814	Marionette	DEBUG	Received DOM event "pagehide" for "https://sitewon-portal-development.azurewebsites.net/customer/forgotpassword"
1536405444856	Marionette	DEBUG	Received DOM event "unload" for "https://sitewon-portal-development.azurewebsites.net/customer/forgotpassword"
1536405444900	Marionette	DEBUG	Received DOM event "DOMContentLoaded" for "https://sitewon-portal-development.azurewebsites.net/customer/forgotpassword"
1536405461066	Marionette	DEBUG	Received DOM event "pageshow" for "https://sitewon-portal-development.azurewebsites.net/customer/forgotpassword"
1536405462628	Marionette	DEBUG	Canceled page load listener because no navigation has been detected
1536405463220	Marionette	DEBUG	Canceled page load listener because no navigation has been detected
]]></system-err>
  </testcase>
  <testcase name="doesnotexistmailadress" classname="com.test.testcase.ForgotPasswordTestcase" time="61.437"/>
  <testcase name="doesnotexistmailadress" classname="com.test.testcase.ForgotPasswordTestcase" time="37.932">
    <failure message="expected [Email doesn&apos;t exists.] but found [Invalid Email Address.]" type="java.lang.AssertionError">java.lang.AssertionError: expected [Email doesn't exists.] but found [Invalid Email Address.]
	at com.test.testcase.ForgotPasswordTestcase.doesnotexistmailadress(ForgotPasswordTestcase.java:46)
</failure>
    <system-out><![CDATA[DEBUG   15364   [freemark] (): Couldn't find template in cache for "index.ftl"("en", UTF-8, parsed); will try to load it.
DEBUG   15364   [freemark] (): TemplateLoader.findTemplateSource("index_en.ftl"): Not found
DEBUG   15364   [freemark] (): TemplateLoader.findTemplateSource("index.ftl"): Found
DEBUG   15364   [freemark] (): Loading template for "index.ftl"("en", UTF-8, parsed) from "jar:file:/C:/Users/Hiren%20Gajera/.m2/repository/com/aventstack/extentreports/3.1.5/extentreports-3.1.5.jar!/com/aventstack/extentreports/view/html-report/index.ftl"
DEBUG   15364   [freemark] (): Couldn't find template in cache for "head.ftl"("en", UTF-8, parsed); will try to load it.
DEBUG   15364   [freemark] (): TemplateLoader.findTemplateSource("head_en.ftl"): Not found
DEBUG   15364   [freemark] (): TemplateLoader.findTemplateSource("head.ftl"): Found
DEBUG   15364   [freemark] (): Loading template for "head.ftl"("en", UTF-8, parsed) from "jar:file:/C:/Users/Hiren%20Gajera/.m2/repository/com/aventstack/extentreports/3.1.5/extentreports-3.1.5.jar!/com/aventstack/extentreports/view/html-report/head.ftl"
DEBUG   15364   [freemark] (): Couldn't find template in cache for "nav.ftl"("en", UTF-8, parsed); will try to load it.
DEBUG   15364   [freemark] (): TemplateLoader.findTemplateSource("nav_en.ftl"): Not found
DEBUG   15364   [freemark] (): TemplateLoader.findTemplateSource("nav.ftl"): Found
DEBUG   15364   [freemark] (): Loading template for "nav.ftl"("en", UTF-8, parsed) from "jar:file:/C:/Users/Hiren%20Gajera/.m2/repository/com/aventstack/extentreports/3.1.5/extentreports-3.1.5.jar!/com/aventstack/extentreports/view/html-report/nav.ftl"
DEBUG   15364   [freemark] (): Couldn't find template in cache for "test-view/test-view.ftl"("en", UTF-8, parsed); will try to load it.
DEBUG   15364   [freemark] (): TemplateLoader.findTemplateSource("test-view/test-view_en.ftl"): Not found
DEBUG   15364   [freemark] (): TemplateLoader.findTemplateSource("test-view/test-view.ftl"): Found
DEBUG   15364   [freemark] (): Loading template for "test-view/test-view.ftl"("en", UTF-8, parsed) from "jar:file:/C:/Users/Hiren%20Gajera/.m2/repository/com/aventstack/extentreports/3.1.5/extentreports-3.1.5.jar!/com/aventstack/extentreports/view/html-report/test-view/test-view.ftl"
DEBUG   15364   [freemark] (): Couldn't find template in cache for "test-view/test-view-charts.ftl"("en", UTF-8, parsed); will try to load it.
DEBUG   15364   [freemark] (): TemplateLoader.findTemplateSource("test-view/test-view-charts_en.ftl"): Not found
DEBUG   15364   [freemark] (): TemplateLoader.findTemplateSource("test-view/test-view-charts.ftl"): Found
DEBUG   15364   [freemark] (): Loading template for "test-view/test-view-charts.ftl"("en", UTF-8, parsed) from "jar:file:/C:/Users/Hiren%20Gajera/.m2/repository/com/aventstack/extentreports/3.1.5/extentreports-3.1.5.jar!/com/aventstack/extentreports/view/html-report/test-view/test-view-charts.ftl"
DEBUG   15364   [freemark] (): Couldn't find template in cache for "test-view/standard.ftl"("en", UTF-8, parsed); will try to load it.
DEBUG   15364   [freemark] (): TemplateLoader.findTemplateSource("test-view/standard_en.ftl"): Not found
DEBUG   15364   [freemark] (): TemplateLoader.findTemplateSource("test-view/standard.ftl"): Found
DEBUG   15364   [freemark] (): Loading template for "test-view/standard.ftl"("en", UTF-8, parsed) from "jar:file:/C:/Users/Hiren%20Gajera/.m2/repository/com/aventstack/extentreports/3.1.5/extentreports-3.1.5.jar!/com/aventstack/extentreports/view/html-report/test-view/standard.ftl"
DEBUG   15364   [freemark] (): "test-view/standard.ftl"("en", UTF-8, parsed) cached copy not yet stale; using cached.
DEBUG   15364   [freemark] (): Couldn't find template in cache for "category-view/category-view.ftl"("en", UTF-8, parsed); will try to load it.
DEBUG   15364   [freemark] (): TemplateLoader.findTemplateSource("category-view/category-view_en.ftl"): Not found
DEBUG   15364   [freemark] (): TemplateLoader.findTemplateSource("category-view/category-view.ftl"): Found
DEBUG   15364   [freemark] (): Loading template for "category-view/category-view.ftl"("en", UTF-8, parsed) from "jar:file:/C:/Users/Hiren%20Gajera/.m2/repository/com/aventstack/extentreports/3.1.5/extentreports-3.1.5.jar!/com/aventstack/extentreports/view/html-report/category-view/category-view.ftl"
DEBUG   15364   [freemark] (): Couldn't find template in cache for "author-view/author-view.ftl"("en", UTF-8, parsed); will try to load it.
DEBUG   15364   [freemark] (): TemplateLoader.findTemplateSource("author-view/author-view_en.ftl"): Not found
DEBUG   15364   [freemark] (): TemplateLoader.findTemplateSource("author-view/author-view.ftl"): Found
DEBUG   15364   [freemark] (): Loading template for "author-view/author-view.ftl"("en", UTF-8, parsed) from "jar:file:/C:/Users/Hiren%20Gajera/.m2/repository/com/aventstack/extentreports/3.1.5/extentreports-3.1.5.jar!/com/aventstack/extentreports/view/html-report/author-view/author-view.ftl"
DEBUG   15364   [freemark] (): Couldn't find template in cache for "exception-view/exception-view.ftl"("en", UTF-8, parsed); will try to load it.
DEBUG   15364   [freemark] (): TemplateLoader.findTemplateSource("exception-view/exception-view_en.ftl"): Not found
DEBUG   15364   [freemark] (): TemplateLoader.findTemplateSource("exception-view/exception-view.ftl"): Found
DEBUG   15364   [freemark] (): Loading template for "exception-view/exception-view.ftl"("en", UTF-8, parsed) from "jar:file:/C:/Users/Hiren%20Gajera/.m2/repository/com/aventstack/extentreports/3.1.5/extentreports-3.1.5.jar!/com/aventstack/extentreports/view/html-report/exception-view/exception-view.ftl"
DEBUG   15364   [freemark] (): Couldn't find template in cache for "dashboard-view/dashboard-view.ftl"("en", UTF-8, parsed); will try to load it.
DEBUG   15364   [freemark] (): TemplateLoader.findTemplateSource("dashboard-view/dashboard-view_en.ftl"): Not found
DEBUG   15364   [freemark] (): TemplateLoader.findTemplateSource("dashboard-view/dashboard-view.ftl"): Found
DEBUG   15364   [freemark] (): Loading template for "dashboard-view/dashboard-view.ftl"("en", UTF-8, parsed) from "jar:file:/C:/Users/Hiren%20Gajera/.m2/repository/com/aventstack/extentreports/3.1.5/extentreports-3.1.5.jar!/com/aventstack/extentreports/view/html-report/dashboard-view/dashboard-view.ftl"
DEBUG   15364   [freemark] (): Couldn't find template in cache for "logs-view/testrunner-logs-view.ftl"("en", UTF-8, parsed); will try to load it.
DEBUG   15364   [freemark] (): TemplateLoader.findTemplateSource("logs-view/testrunner-logs-view_en.ftl"): Not found
DEBUG   15364   [freemark] (): TemplateLoader.findTemplateSource("logs-view/testrunner-logs-view.ftl"): Found
DEBUG   15364   [freemark] (): Loading template for "logs-view/testrunner-logs-view.ftl"("en", UTF-8, parsed) from "jar:file:/C:/Users/Hiren%20Gajera/.m2/repository/com/aventstack/extentreports/3.1.5/extentreports-3.1.5.jar!/com/aventstack/extentreports/view/html-report/logs-view/testrunner-logs-view.ftl"
DEBUG   15364   [freemark] (): Couldn't find template in cache for "index.ftl"("en", UTF-8, parsed); will try to load it.
DEBUG   15364   [freemark] (): TemplateLoader.findTemplateSource("index_en.ftl"): Not found
DEBUG   15364   [freemark] (): TemplateLoader.findTemplateSource("index.ftl"): Found
DEBUG   15364   [freemark] (): Loading template for "index.ftl"("en", UTF-8, parsed) from "jar:file:/C:/Users/Hiren%20Gajera/.m2/repository/com/aventstack/extentreports/3.1.5/extentreports-3.1.5.jar!/com/aventstack/extentreports/view/html-report/index.ftl"
DEBUG   15364   [freemark] (): Couldn't find template in cache for "head.ftl"("en", UTF-8, parsed); will try to load it.
DEBUG   15364   [freemark] (): TemplateLoader.findTemplateSource("head_en.ftl"): Not found
DEBUG   15364   [freemark] (): TemplateLoader.findTemplateSource("head.ftl"): Found
DEBUG   15364   [freemark] (): Loading template for "head.ftl"("en", UTF-8, parsed) from "jar:file:/C:/Users/Hiren%20Gajera/.m2/repository/com/aventstack/extentreports/3.1.5/extentreports-3.1.5.jar!/com/aventstack/extentreports/view/html-report/head.ftl"
DEBUG   15364   [freemark] (): Couldn't find template in cache for "nav.ftl"("en", UTF-8, parsed); will try to load it.
DEBUG   15364   [freemark] (): TemplateLoader.findTemplateSource("nav_en.ftl"): Not found
DEBUG   15364   [freemark] (): TemplateLoader.findTemplateSource("nav.ftl"): Found
DEBUG   15364   [freemark] (): Loading template for "nav.ftl"("en", UTF-8, parsed) from "jar:file:/C:/Users/Hiren%20Gajera/.m2/repository/com/aventstack/extentreports/3.1.5/extentreports-3.1.5.jar!/com/aventstack/extentreports/view/html-report/nav.ftl"
DEBUG   15364   [freemark] (): Couldn't find template in cache for "test-view/test-view.ftl"("en", UTF-8, parsed); will try to load it.
DEBUG   15364   [freemark] (): TemplateLoader.findTemplateSource("test-view/test-view_en.ftl"): Not found
DEBUG   15364   [freemark] (): TemplateLoader.findTemplateSource("test-view/test-view.ftl"): Found
DEBUG   15364   [freemark] (): Loading template for "test-view/test-view.ftl"("en", UTF-8, parsed) from "jar:file:/C:/Users/Hiren%20Gajera/.m2/repository/com/aventstack/extentreports/3.1.5/extentreports-3.1.5.jar!/com/aventstack/extentreports/view/html-report/test-view/test-view.ftl"
DEBUG   15364   [freemark] (): Couldn't find template in cache for "test-view/test-view-charts.ftl"("en", UTF-8, parsed); will try to load it.
DEBUG   15364   [freemark] (): TemplateLoader.findTemplateSource("test-view/test-view-charts_en.ftl"): Not found
DEBUG   15364   [freemark] (): TemplateLoader.findTemplateSource("test-view/test-view-charts.ftl"): Found
DEBUG   15364   [freemark] (): Loading template for "test-view/test-view-charts.ftl"("en", UTF-8, parsed) from "jar:file:/C:/Users/Hiren%20Gajera/.m2/repository/com/aventstack/extentreports/3.1.5/extentreports-3.1.5.jar!/com/aventstack/extentreports/view/html-report/test-view/test-view-charts.ftl"
DEBUG   15364   [freemark] (): Couldn't find template in cache for "test-view/standard.ftl"("en", UTF-8, parsed); will try to load it.
DEBUG   15364   [freemark] (): TemplateLoader.findTemplateSource("test-view/standard_en.ftl"): Not found
DEBUG   15364   [freemark] (): TemplateLoader.findTemplateSource("test-view/standard.ftl"): Found
DEBUG   15364   [freemark] (): Loading template for "test-view/standard.ftl"("en", UTF-8, parsed) from "jar:file:/C:/Users/Hiren%20Gajera/.m2/repository/com/aventstack/extentreports/3.1.5/extentreports-3.1.5.jar!/com/aventstack/extentreports/view/html-report/test-view/standard.ftl"
DEBUG   15364   [freemark] (): "test-view/standard.ftl"("en", UTF-8, parsed) cached copy not yet stale; using cached.
DEBUG   15364   [freemark] (): Couldn't find template in cache for "category-view/category-view.ftl"("en", UTF-8, parsed); will try to load it.
DEBUG   15364   [freemark] (): TemplateLoader.findTemplateSource("category-view/category-view_en.ftl"): Not found
DEBUG   15364   [freemark] (): TemplateLoader.findTemplateSource("category-view/category-view.ftl"): Found
DEBUG   15364   [freemark] (): Loading template for "category-view/category-view.ftl"("en", UTF-8, parsed) from "jar:file:/C:/Users/Hiren%20Gajera/.m2/repository/com/aventstack/extentreports/3.1.5/extentreports-3.1.5.jar!/com/aventstack/extentreports/view/html-report/category-view/category-view.ftl"
DEBUG   15364   [freemark] (): Couldn't find template in cache for "author-view/author-view.ftl"("en", UTF-8, parsed); will try to load it.
DEBUG   15364   [freemark] (): TemplateLoader.findTemplateSource("author-view/author-view_en.ftl"): Not found
DEBUG   15364   [freemark] (): TemplateLoader.findTemplateSource("author-view/author-view.ftl"): Found
DEBUG   15364   [freemark] (): Loading template for "author-view/author-view.ftl"("en", UTF-8, parsed) from "jar:file:/C:/Users/Hiren%20Gajera/.m2/repository/com/aventstack/extentreports/3.1.5/extentreports-3.1.5.jar!/com/aventstack/extentreports/view/html-report/author-view/author-view.ftl"
DEBUG   15364   [freemark] (): Couldn't find template in cache for "exception-view/exception-view.ftl"("en", UTF-8, parsed); will try to load it.
DEBUG   15364   [freemark] (): TemplateLoader.findTemplateSource("exception-view/exception-view_en.ftl"): Not found
DEBUG   15364   [freemark] (): TemplateLoader.findTemplateSource("exception-view/exception-view.ftl"): Found
DEBUG   15364   [freemark] (): Loading template for "exception-view/exception-view.ftl"("en", UTF-8, parsed) from "jar:file:/C:/Users/Hiren%20Gajera/.m2/repository/com/aventstack/extentreports/3.1.5/extentreports-3.1.5.jar!/com/aventstack/extentreports/view/html-report/exception-view/exception-view.ftl"
DEBUG   15364   [freemark] (): Couldn't find template in cache for "dashboard-view/dashboard-view.ftl"("en", UTF-8, parsed); will try to load it.
DEBUG   15364   [freemark] (): TemplateLoader.findTemplateSource("dashboard-view/dashboard-view_en.ftl"): Not found
DEBUG   15364   [freemark] (): TemplateLoader.findTemplateSource("dashboard-view/dashboard-view.ftl"): Found
DEBUG   15364   [freemark] (): Loading template for "dashboard-view/dashboard-view.ftl"("en", UTF-8, parsed) from "jar:file:/C:/Users/Hiren%20Gajera/.m2/repository/com/aventstack/extentreports/3.1.5/extentreports-3.1.5.jar!/com/aventstack/extentreports/view/html-report/dashboard-view/dashboard-view.ftl"
DEBUG   15364   [freemark] (): Couldn't find template in cache for "logs-view/testrunner-logs-view.ftl"("en", UTF-8, parsed); will try to load it.
DEBUG   15364   [freemark] (): TemplateLoader.findTemplateSource("logs-view/testrunner-logs-view_en.ftl"): Not found
DEBUG   15364   [freemark] (): TemplateLoader.findTemplateSource("logs-view/testrunner-logs-view.ftl"): Found
DEBUG   15364   [freemark] (): Loading template for "logs-view/testrunner-logs-view.ftl"("en", UTF-8, parsed) from "jar:file:/C:/Users/Hiren%20Gajera/.m2/repository/com/aventstack/extentreports/3.1.5/extentreports-3.1.5.jar!/com/aventstack/extentreports/view/html-report/logs-view/testrunner-logs-view.ftl"
]]></system-out>
    <system-err><![CDATA[1536405484162	Marionette	DEBUG	Received DOM event "beforeunload" for "https://sitewon-portal-development.azurewebsites.net/customer/forgotpassword"
1536405485044	Marionette	DEBUG	Received DOM event "pagehide" for "https://sitewon-portal-development.azurewebsites.net/customer/forgotpassword"
1536405485045	Marionette	DEBUG	Received DOM event "unload" for "https://sitewon-portal-development.azurewebsites.net/customer/forgotpassword"
1536405485072	Marionette	DEBUG	Received DOM event "DOMContentLoaded" for "https://sitewon-portal-development.azurewebsites.net/customer/forgotpassword"
1536405505671	Marionette	DEBUG	Received DOM event "pageshow" for "https://sitewon-portal-development.azurewebsites.net/customer/forgotpassword"
1536405505709	Marionette	DEBUG	Received DOM event "beforeunload" for "https://sitewon-portal-development.azurewebsites.net/customer/forgotpassword"
1536405508256	Marionette	DEBUG	Received DOM event "pagehide" for "https://sitewon-portal-development.azurewebsites.net/customer/forgotpassword"
1536405508283	Marionette	DEBUG	Received DOM event "unload" for "https://sitewon-portal-development.azurewebsites.net/customer/forgotpassword"
1536405508308	Marionette	DEBUG	Received DOM event "DOMContentLoaded" for "https://sitewon-portal-development.azurewebsites.net/customer/forgotpassword"
1536405521376	Marionette	DEBUG	Received DOM event "pageshow" for "https://sitewon-portal-development.azurewebsites.net/customer/forgotpassword"
1536405522212	Marionette	DEBUG	Canceled page load listener because no navigation has been detected
1536405522462	Marionette	DEBUG	Canceled page load listener because no navigation has been detected
]]></system-err>
  </testcase>
  <testcase name="validemailadress" classname="com.test.testcase.ForgotPasswordTestcase" time="37.954">
    <failure message="expected [Email sent to user.] but found [Invalid Email Address.]" type="java.lang.AssertionError">java.lang.AssertionError: expected [Email sent to user.] but found [Invalid Email Address.]
	at com.test.testcase.ForgotPasswordTestcase.validemailadress(ForgotPasswordTestcase.java:60)
</failure>
  </testcase>
  <testcase name="validemailadress" classname="com.test.testcase.ForgotPasswordTestcase" time="18.393"/>
</testsuite>